Arguments: 
  /usr/local/bin/node /usr/local/bin/yarn add mime-types

PATH: 
  /home/yungcat/workSpace/ecomfreedom/node_modules/.bin:/usr/local/sbin:/usr/local/bin:/usr/sbin:/usr/bin:/sbin:/bin:/usr/games:/usr/local/games:/snap/bin:/usr/lib/jvm/java-8-oracle/bin:/usr/lib/jvm/java-8-oracle/db/bin:/usr/lib/jvm/java-8-oracle/jre/bin

Yarn version: 
  1.16.0

Node version: 
  12.6.0

Platform: 
  linux x64

Trace: 
  Error: EACCES: permission denied, unlink '/home/yungcat/workSpace/ecomfreedom/node_modules/.bin/acorn'

npm manifest: 
  {
    "name": "react-boilerplate",
    "version": "4.0.0",
    "description": "A highly scalable, offline-first foundation with the best DX and a focus on performance and best practices",
    "repository": {
      "type": "git",
      "url": "git://github.com/react-boilerplate/react-boilerplate.git"
    },
    "engines": {
      "npm": ">=5",
      "node": ">=10.0.0"
    },
    "main": "app.js",
    "author": "Max Stoiber",
    "license": "MIT",
    "scripts": {
      "analyze:clean": "rimraf stats.json",
      "preanalyze": "npm run analyze:clean",
      "analyze": "node ./internals/scripts/analyze.js",
      "extract-intl": "node ./internals/scripts/extract-intl.js",
      "npmcheckversion": "node ./internals/scripts/npmcheckversion.js",
      "preinstall": "npm run npmcheckversion",
      "prebuild": "npm run build:clean",
      "build": "cross-env NODE_ENV=production webpack --config internals/webpack/webpack.prod.babel.js --color -p --progress --hide-modules --display-optimization-bailout",
      "build:clean": "rimraf ./build",
      "start": "npm run start:prod",
      "dev": "node ./server/web-server.js --NODE_ENV=development",
      "start:tunnel": "cross-env NODE_ENV=development ENABLE_TUNNEL=true node server",
      "start:production": "npm run test && npm run build && npm run start:prod",
      "start:prod": "node ./server/web-server.js --NODE_ENV=production",
      "presetup": "npm i chalk shelljs",
      "setup": "node ./internals/scripts/setup.js",
      "clean": "shjs ./internals/scripts/clean.js",
      "clean:all": "npm run analyze:clean && npm run test:clean && npm run build:clean",
      "generate": "plop --plopfile internals/generators/index.js",
      "lint": "npm run lint:js && npm run lint:css",
      "lint:css": "stylelint app/**/*.js",
      "lint:eslint": "eslint --ignore-path .gitignore --ignore-pattern internals/scripts",
      "lint:eslint:fix": "eslint --ignore-path .gitignore --ignore-pattern internals/scripts --fix",
      "lint:js": "npm run lint:eslint -- . ",
      "lint:staged": "lint-staged",
      "pretest": "npm run test:clean && npm run lint",
      "test:clean": "rimraf ./coverage",
      "test": "npm run test:ui",
      "test:ui": "cross-env NODE_ENV=test jest --coverage",
      "test:watch": "cross-env NODE_ENV=test jest --watchAll",
      "test:integration": "jest --config=jest.it.config.js --runInBand",
      "test:integration:coverage": "jest --config=jest.it.config.js --coverage --runInBand",
      "coveralls": "cat ./coverage/lcov.info | coveralls",
      "prettify": "prettier --write",
      "db:create-admin:dev": "node ./server/db-script/create-admin.js --NODE_ENV=development",
      "db:create-user:dev": "node ./server/db-script/create-user.js --NODE_ENV=development",
      "db:create-admin:prod": "node ./server/db-script/create-admin.js --NODE_ENV=production",
      "db:create-user:prod": "node ./server/db-script/create-user.js --NODE_ENV=production",
      "db:set-default-role-filters:dev": "node ./server/db-script/set-default-role-filters.js --NODE_ENV=development",
      "db:set-default-role-filters:prod": "node ./server/db-script/set-default-role-filters.js --NODE_ENV=production",
      "db:create-test-users:dev": "node ./server/db-script/create-test-users.js --NODE_ENV=development",
      "db:create-test-users:prod": "node ./server/db-script/create-test-users.js --NODE_ENV=production",
      "db:delete-test-users:dev": "node ./server/db-script/delete-test-users.js --NODE_ENV=development",
      "db:delete-test-users:prod": "node ./server/db-script/delete-test-users.js --NODE_ENV=production",
      "db:seed:dev": "npm run db:create-admin:dev && npm run db:create-user:dev && npm run db:set-default-role-filters:dev && npm run db:create-test-users:dev",
      "db:seed:prod": "npm run db:create-admin:prod && npm run db:create-user:prod && npm run db:set-default-role-filters:prod && npm run db:create-test-users:prod",
      "create-env": "printenv > .env"
    },
    "browserslist": [
      "last 2 versions",
      "> 1%",
      "IE 10"
    ],
    "lint-staged": {
      "*.js": [
        "npm run lint:eslint:fix",
        "git add --force"
      ],
      "*.json": [
        "prettier --write",
        "git add --force"
      ]
    },
    "pre-commit": "lint:staged",
    "resolutions": {
      "babel-core": "7.0.0-bridge.0"
    },
    "dependencies": {
      "@babel/cli": "7.4.3",
      "@babel/core": "7.4.3",
      "@babel/plugin-proposal-class-properties": "7.4.0",
      "@babel/plugin-syntax-dynamic-import": "7.2.0",
      "@babel/plugin-transform-modules-commonjs": "7.4.3",
      "@babel/plugin-transform-react-constant-elements": "7.2.0",
      "@babel/plugin-transform-react-inline-elements": "7.2.0",
      "@babel/plugin-transform-runtime": "7.6.2",
      "@babel/polyfill": "7.4.3",
      "@babel/preset-env": "7.4.3",
      "@babel/preset-react": "7.0.0",
      "@babel/register": "7.4.0",
      "@babel/runtime": "7.7.1",
      "@date-io/date-fns": "^1.3.11",
      "@material-ui/core": "^4.6.0",
      "@material-ui/icons": "^4.5.1",
      "@material-ui/pickers": "^3.2.7",
      "add-asset-html-webpack-plugin": "3.1.3",
      "ajv": "6.10.2",
      "axios": "^0.19.0",
      "babel-core": "7.0.0-bridge.0",
      "babel-eslint": "10.0.1",
      "babel-loader": "8.0.5",
      "babel-plugin-dynamic-import-node": "2.2.0",
      "babel-plugin-lodash": "3.3.4",
      "babel-plugin-styled-components": "1.10.0",
      "babel-plugin-transform-react-remove-prop-types": "0.4.24",
      "bcryptjs": "2.4.3",
      "body-parser": "1.19.0",
      "chalk": "^2.4.2",
      "circular-dependency-plugin": "5.0.2",
      "classnames": "^2.2.6",
      "compression": "1.7.4",
      "compression-webpack-plugin": "2.0.0",
      "connected-react-router": "6.4.0",
      "cross-env": "5.2.0",
      "css-loader": "2.1.1",
      "date-fns": "^2.7.0",
      "dotenv": "^8.2.0",
      "eslint-import-resolver-webpack": "0.11.1",
      "express": "4.17.1",
      "express-jwt": "5.3.1",
      "express-jwt-permissions": "1.3.1",
      "file-loader": "3.0.1",
      "fontfaceobserver": "2.1.0",
      "history": "4.9.0",
      "hoist-non-react-statics": "3.3.0",
      "html-loader": "0.5.5",
      "html-webpack-plugin": "3.2.0",
      "http-status-codes": "^1.4.0",
      "image-webpack-loader": "4.6.0",
      "imagemin-pngquant": "^5.0.1",
      "immer": "3.0.0",
      "imports-loader": "0.8.0",
      "intl": "1.2.5",
      "invariant": "2.2.4",
      "ip": "1.1.5",
      "jsonwebtoken": "8.5.1",
      "lodash": "4.17.11",
      "minimist": "1.2.0",
      "moment": "2.24.0",
      "moment-timezone": "0.5.27",
      "mongoose": "5.7.6",
      "ms": "2.1.2",
      "nconf": "0.10.0",
      "null-loader": "0.1.1",
      "offline-plugin": "5.0.6",
      "perfect-scrollbar": "^1.4.0",
      "prop-types": "15.7.2",
      "react": "16.8.6",
      "react-app-polyfill": "0.2.2",
      "react-csv": "^1.1.2",
      "react-dom": "16.8.6",
      "react-helmet": "6.0.0-beta",
      "react-redux": "7.0.2",
      "react-router-dom": "5.0.0",
      "react-test-renderer": "16.8.6",
      "react-testing-library": "6.1.2",
      "redux": "4.0.1",
      "redux-saga": "1.0.2",
      "reselect": "4.0.0",
      "role-acl": "4.1.2",
      "sanitize.css": "8.0.0",
      "style-loader": "0.23.1",
      "styled-components": "4.2.0",
      "svg-url-loader": "2.3.2",
      "swagger-jsdoc": "3.4.0",
      "swagger-ui-express": "4.1.2",
      "terser-webpack-plugin": "1.2.3",
      "url-loader": "1.1.2",
      "webpack": "4.30.0",
      "webpack-cli": "3.3.0",
      "webpack-dev-middleware": "3.6.2",
      "webpack-hot-middleware": "2.24.3",
      "webpack-pwa-manifest": "4.0.0",
      "winston": "2.4.0",
      "winston-daily-rotate-file": "3.10.0",
      "@google-cloud/storage": "latest",
      "mime-types": "latest"
    },
    "devDependencies": {
      "compare-versions": "3.4.0",
      "coveralls": "3.0.3",
      "eslint": "5.16.0",
      "eslint-config-airbnb": "17.1.0",
      "eslint-config-airbnb-base": "13.1.0",
      "eslint-config-prettier": "4.1.0",
      "eslint-plugin-import": "2.17.2",
      "eslint-plugin-jsx-a11y": "6.2.1",
      "eslint-plugin-prettier": "3.0.1",
      "eslint-plugin-react": "7.12.4",
      "eslint-plugin-react-hooks": "1.6.0",
      "eslint-plugin-redux-saga": "1.0.0",
      "jest-cli": "24.7.1",
      "jest-dom": "3.1.3",
      "jest-styled-components": "6.3.1",
      "lint-staged": "8.1.5",
      "ngrok": "3.2.3",
      "node-plop": "0.18.0",
      "plop": "2.3.0",
      "pre-commit": "1.2.2",
      "prettier": "1.17.0",
      "redux-mock-store": "^1.5.3",
      "rimraf": "2.6.3",
      "shelljs": "^0.8.3",
      "stylelint": "10.0.1",
      "stylelint-config-recommended": "2.2.0",
      "stylelint-config-styled-components": "0.1.1",
      "stylelint-processor-styled-components": "1.6.0",
      "whatwg-fetch": "3.0.0",
      "supertest": "4.0.2"
    }
  }

yarn manifest: 
  No manifest

Lockfile: 
  No lockfile
